# JRE version: OpenJDK Runtime Environment (17.0.10+7) (build 17.0.10+7-Ubuntu-122.04.1)
# Java VM: OpenJDK 64-Bit Server VM (17.0.10+7-Ubuntu-122.04.1, mixed mode, sharing, tiered, compressed oops, compressed class ptrs, g1 gc, linux-amd64)
GC Precious Log:
 CPUs: 4 total, 4 available
 Memory: 9339M
 Large Page Support: Disabled
 NUMA Support: Disabled
 Compressed Oops: Enabled (Zero based)
 Heap Region Size: 2M
 Heap Min Capacity: 8M
 Heap Initial Capacity: 146M
 Heap Max Capacity: 2336M
 Pre-touch: Disabled
 Parallel Workers: 4
 Concurrent Workers: 1
 Concurrent Refinement Workers: 4
 Periodic GC: Disabled
Heap:
 garbage-first heap   total 104448K, used 49266K [0x000000076e000000, 0x0000000800000000)
  region size 2048K, 4 young (8192K), 1 survivors (2048K)
 Metaspace       used 23856K, committed 24064K, reserved 1114112K
  class space    used 2657K, committed 2752K, reserved 1048576K
GC Heap History (20 events):
Event: 15.679 GC heap before
{Heap before GC invocations=2 (full 0):
 garbage-first heap   total 153600K, used 19389K [0x000000076e000000, 0x0000000800000000)
  region size 2048K, 8 young (16384K), 1 survivors (2048K)
 Metaspace       used 7175K, committed 7360K, reserved 1114112K
  class space    used 858K, committed 960K, reserved 1048576K
}
Event: 15.699 GC heap after
{Heap after GC invocations=3 (full 0):
 garbage-first heap   total 153600K, used 5510K [0x000000076e000000, 0x0000000800000000)
  region size 2048K, 1 young (2048K), 1 survivors (2048K)
 Metaspace       used 7175K, committed 7360K, reserved 1114112K
  class space    used 858K, committed 960K, reserved 1048576K
}
Event: 30.529 GC heap before
{Heap before GC invocations=3 (full 0):
 garbage-first heap   total 153600K, used 91526K [0x000000076e000000, 0x0000000800000000)
  region size 2048K, 43 young (88064K), 1 survivors (2048K)
 Metaspace       used 12986K, committed 13120K, reserved 1114112K
  class space    used 1477K, committed 1536K, reserved 1048576K
}
Event: 30.709 GC heap after
{Heap after GC invocations=4 (full 0):
 garbage-first heap   total 153600K, used 14210K [0x000000076e000000, 0x0000000800000000)
  region size 2048K, 5 young (10240K), 5 survivors (10240K)
 Metaspace       used 12986K, committed 13120K, reserved 1114112K
  class space    used 1477K, committed 1536K, reserved 1048576K
}
Event: 38.440 GC heap before
{Heap before GC invocations=4 (full 0):
 garbage-first heap   total 153600K, used 73602K [0x000000076e000000, 0x0000000800000000)
  region size 2048K, 34 young (69632K), 5 survivors (10240K)
 Metaspace       used 14095K, committed 14272K, reserved 1114112K
  class space    used 1565K, committed 1664K, reserved 1048576K
}
Event: 38.549 GC heap after
{Heap after GC invocations=5 (full 0):
 garbage-first heap   total 153600K, used 18364K [0x000000076e000000, 0x0000000800000000)
  region size 2048K, 3 young (6144K), 3 survivors (6144K)
 Metaspace       used 14095K, committed 14272K, reserved 1114112K
  class space    used 1565K, committed 1664K, reserved 1048576K
}
Event: 41.771 GC heap before
{Heap before GC invocations=5 (full 0):
 garbage-first heap   total 153600K, used 79804K [0x000000076e000000, 0x0000000800000000)
  region size 2048K, 14 young (28672K), 3 survivors (6144K)
 Metaspace       used 14871K, committed 15040K, reserved 1114112K
  class space    used 1621K, committed 1664K, reserved 1048576K
}
Event: 41.820 GC heap after
{Heap after GC invocations=6 (full 0):
 garbage-first heap   total 153600K, used 28020K [0x000000076e000000, 0x0000000800000000)
  region size 2048K, 1 young (2048K), 1 survivors (2048K)
 Metaspace       used 14871K, committed 15040K, reserved 1114112K
  class space    used 1621K, committed 1664K, reserved 1048576K
}
Event: 42.130 GC heap before
{Heap before GC invocations=6 (full 0):
 garbage-first heap   total 153600K, used 60788K [0x000000076e000000, 0x0000000800000000)
  region size 2048K, 2 young (4096K), 1 survivors (2048K)
 Metaspace       used 14875K, committed 15040K, reserved 1114112K
  class space    used 1621K, committed 1664K, reserved 1048576K
}
Event: 42.169 GC heap after
{Heap after GC invocations=7 (full 0):
 garbage-first heap   total 184320K, used 27747K [0x000000076e000000, 0x0000000800000000)
  region size 2048K, 1 young (2048K), 1 survivors (2048K)
 Metaspace       used 14875K, committed 15040K, reserved 1114112K
  class space    used 1621K, committed 1664K, reserved 1048576K
}
Event: 42.491 GC heap before
{Heap before GC invocations=7 (full 0):
 garbage-first heap   total 184320K, used 72803K [0x000000076e000000, 0x0000000800000000)
  region size 2048K, 2 young (4096K), 1 survivors (2048K)
 Metaspace       used 14875K, committed 15040K, reserved 1114112K
  class space    used 1621K, committed 1664K, reserved 1048576K
}
Event: 42.551 GC heap after
{Heap after GC invocations=8 (full 0):
 garbage-first heap   total 184320K, used 40025K [0x000000076e000000, 0x0000000800000000)
  region size 2048K, 1 young (2048K), 1 survivors (2048K)
 Metaspace       used 14875K, committed 15040K, reserved 1114112K
  class space    used 1621K, committed 1664K, reserved 1048576K
}
Event: 42.829 GC heap before
{Heap before GC invocations=8 (full 0):
 garbage-first heap   total 184320K, used 72793K [0x000000076e000000, 0x0000000800000000)
  region size 2048K, 2 young (4096K), 1 survivors (2048K)
 Metaspace       used 14875K, committed 15040K, reserved 1114112K
  class space    used 1621K, committed 1664K, reserved 1048576K
}
Event: 42.860 GC heap after
{Heap after GC invocations=9 (full 0):
 garbage-first heap   total 184320K, used 39930K [0x000000076e000000, 0x0000000800000000)
  region size 2048K, 1 young (2048K), 1 survivors (2048K)
 Metaspace       used 14875K, committed 15040K, reserved 1114112K
  class space    used 1621K, committed 1664K, reserved 1048576K
}
Event: 64.350 GC heap before
{Heap before GC invocations=9 (full 0):
 garbage-first heap   total 184320K, used 97274K [0x000000076e000000, 0x0000000800000000)
  region size 2048K, 23 young (47104K), 1 survivors (2048K)
 Metaspace       used 21296K, committed 21504K, reserved 1114112K
  class space    used 2411K, committed 2496K, reserved 1048576K
}
Event: 64.410 GC heap after
{Heap after GC invocations=10 (full 0):
 garbage-first heap   total 184320K, used 22474K [0x000000076e000000, 0x0000000800000000)
  region size 2048K, 3 young (6144K), 3 survivors (6144K)
 Metaspace       used 21296K, committed 21504K, reserved 1114112K
  class space    used 2411K, committed 2496K, reserved 1048576K
}
Event: 79.049 GC heap before
{Heap before GC invocations=11 (full 0):
 garbage-first heap   total 96256K, used 77770K [0x000000076e000000, 0x0000000800000000)
  region size 2048K, 28 young (57344K), 3 survivors (6144K)
 Metaspace       used 23721K, committed 23936K, reserved 1114112K
  class space    used 2649K, committed 2752K, reserved 1048576K
}
Event: 79.171 GC heap after
{Heap after GC invocations=12 (full 0):
 garbage-first heap   total 104448K, used 44081K [0x000000076e000000, 0x0000000800000000)
  region size 2048K, 4 young (8192K), 4 survivors (8192K)
 Metaspace       used 23721K, committed 23936K, reserved 1114112K
  class space    used 2649K, committed 2752K, reserved 1048576K
}
Event: 80.719 GC heap before
{Heap before GC invocations=12 (full 0):
 garbage-first heap   total 104448K, used 46129K [0x000000076e000000, 0x0000000800000000)
  region size 2048K, 5 young (10240K), 4 survivors (8192K)
 Metaspace       used 23808K, committed 24000K, reserved 1114112K
  class space    used 2653K, committed 2752K, reserved 1048576K
}
Event: 80.770 GC heap after
{Heap after GC invocations=13 (full 0):
 garbage-first heap   total 104448K, used 45170K [0x000000076e000000, 0x0000000800000000)
  region size 2048K, 1 young (2048K), 1 survivors (2048K)
 Metaspace       used 23808K, committed 24000K, reserved 1114112K
  class space    used 2653K, committed 2752K, reserved 1048576K
}

